0 info it worked if it ends with ok
1 verbose cli [ 'C:\\Program Files\\nodejs\\node.exe',
1 verbose cli   'C:\\Program Files\\nodejs\\node_modules\\npm\\bin\\npm-cli.js',
1 verbose cli   'run',
1 verbose cli   'server' ]
2 info using npm@3.10.10
3 info using node@v6.9.4
4 verbose run-script [ 'preserver', 'server', 'postserver' ]
5 info lifecycle 1@1.0.0~preserver: 1@1.0.0
6 silly lifecycle 1@1.0.0~preserver: no script for preserver, continuing
7 info lifecycle 1@1.0.0~server: 1@1.0.0
8 verbose lifecycle 1@1.0.0~server: unsafe-perm in lifecycle true
9 verbose lifecycle 1@1.0.0~server: PATH: C:\Users\wedo\AppData\Roaming\nvm\v6.9.4\node_modules\npm\bin\node-gyp-bin;E:\wwwroot\webpackStudy\sources\webpackSample\node_modules\.bin;C:\Users\wedo\bin;C:\Program Files (x86)\Git\mingw32\bin;C:\Program Files (x86)\Git\usr\local\bin;C:\Program Files (x86)\Git\usr\bin;C:\Program Files (x86)\Git\usr\bin;C:\Program Files (x86)\Git\mingw32\bin;C:\Program Files (x86)\Git\usr\bin;C:\Users\wedo\bin;C:\ProgramData\Oracle\Java\javapath;C:\Windows\system32;C:\Windows;C:\Windows\System32\Wbem;C:\Windows\System32\WindowsPowerShell\v1.0;C:\Program Files (x86)\Windows Kits\8.1\Windows Performance Toolkit;C:\Users\wedo\AppData\Roaming\nvm;C:\Program Files\nodejs;C:\Program Files\MySQL\MySQL Utilities 1.6;D:\Program Files\MongoDB\Server\3.4\bin;C:\Users\wedo\AppData\Local\atom\bin;D:\xampp\php;C:\Program Files (x86)\Git\usr\bin\vendor_perl;C:\Program Files (x86)\Git\usr\bin\core_perl
10 verbose lifecycle 1@1.0.0~server: CWD: E:\wwwroot\webpackStudy\sources\webpackSample
11 silly lifecycle 1@1.0.0~server: Args: [ '/d /s /c', 'webpack-dev-server --open' ]
12 silly lifecycle 1@1.0.0~server: Returned: code: 1  signal: null
13 info lifecycle 1@1.0.0~server: Failed to exec server script
14 verbose stack Error: 1@1.0.0 server: `webpack-dev-server --open`
14 verbose stack Exit status 1
14 verbose stack     at EventEmitter.<anonymous> (C:\Users\wedo\AppData\Roaming\nvm\v6.9.4\node_modules\npm\lib\utils\lifecycle.js:255:16)
14 verbose stack     at emitTwo (events.js:106:13)
14 verbose stack     at EventEmitter.emit (events.js:191:7)
14 verbose stack     at ChildProcess.<anonymous> (C:\Users\wedo\AppData\Roaming\nvm\v6.9.4\node_modules\npm\lib\utils\spawn.js:40:14)
14 verbose stack     at emitTwo (events.js:106:13)
14 verbose stack     at ChildProcess.emit (events.js:191:7)
14 verbose stack     at maybeClose (internal/child_process.js:877:16)
14 verbose stack     at Process.ChildProcess._handle.onexit (internal/child_process.js:226:5)
15 verbose pkgid 1@1.0.0
16 verbose cwd E:\wwwroot\webpackStudy\sources\webpackSample
17 error Windows_NT 10.0.10240
18 error argv "C:\\Program Files\\nodejs\\node.exe" "C:\\Program Files\\nodejs\\node_modules\\npm\\bin\\npm-cli.js" "run" "server"
19 error node v6.9.4
20 error npm  v3.10.10
21 error code ELIFECYCLE
22 error 1@1.0.0 server: `webpack-dev-server --open`
22 error Exit status 1
23 error Failed at the 1@1.0.0 server script 'webpack-dev-server --open'.
23 error Make sure you have the latest version of node.js and npm installed.
23 error If you do, this is most likely a problem with the 1 package,
23 error not with npm itself.
23 error Tell the author that this fails on your system:
23 error     webpack-dev-server --open
23 error You can get information on how to open an issue for this project with:
23 error     npm bugs 1
23 error Or if that isn't available, you can get their info via:
23 error     npm owner ls 1
23 error There is likely additional logging output above.
24 verbose exit [ 1, true ]
